Started GET "/" for 10.0.2.2 at 2019-03-28 21:00:55 +0000
Processing by Rails::WelcomeController#index as HTML
  Rendering /home/vagrant/.rvm/gems/ruby-2.3.5/gems/railties-5.2.3/lib/rails/templates/rails/welcome/index.html.erb
  Rendered /home/vagrant/.rvm/gems/ruby-2.3.5/gems/railties-5.2.3/lib/rails/templates/rails/welcome/index.html.erb (9.3ms)
Completed 200 OK in 48ms (Views: 45.3ms | ActiveRecord: 0.0ms)


  [1m[35m (0.1ms)[0m  [1m[34mSELECT sqlite_version(*)[0m
  ↳ bin/rake:9
  [1m[35m (8.8ms)[0m  [1m[35mCREATE TABLE "schema_migrations" ("version" varchar NOT NULL PRIMARY KEY)[0m
  ↳ bin/rake:9
  [1m[35m (6.7ms)[0m  [1m[35mCREATE TABLE "ar_internal_metadata" ("key" varchar NOT NULL PRIMARY KEY, "value" varchar, "created_at" datetime NOT NULL, "updated_at" datetime NOT NULL)[0m
  ↳ bin/rake:9
  [1m[35m (1.2ms)[0m  [1m[34mSELECT "schema_migrations"."version" FROM "schema_migrations" ORDER BY "schema_migrations"."version" ASC[0m
  ↳ bin/rake:9
Migrating to DeviseCreateAdminUsers (20190328211040)
  [1m[35m (0.1ms)[0m  [1m[36mbegin transaction[0m
  ↳ bin/rake:9
  [1m[35m (6.2ms)[0m  [1m[35mCREATE TABLE "admin_users" ("id" integer PRIMARY KEY AUTOINCREMENT NOT NULL, "email" varchar DEFAULT '' NOT NULL, "encrypted_password" varchar DEFAULT '' NOT NULL, "reset_password_token" varchar, "reset_password_sent_at" datetime, "remember_created_at" datetime, "created_at" datetime NOT NULL, "updated_at" datetime NOT NULL)[0m
  ↳ db/migrate/20190328211040_devise_create_admin_users.rb:5
  [1m[35m (1.4ms)[0m  [1m[35mCREATE UNIQUE INDEX "index_admin_users_on_email" ON "admin_users" ("email")[0m
  ↳ db/migrate/20190328211040_devise_create_admin_users.rb:39
  [1m[35m (0.6ms)[0m  [1m[35mCREATE UNIQUE INDEX "index_admin_users_on_reset_password_token" ON "admin_users" ("reset_password_token")[0m
  ↳ db/migrate/20190328211040_devise_create_admin_users.rb:40
  [1m[36mActiveRecord::SchemaMigration Create (1.1ms)[0m  [1m[32mINSERT INTO "schema_migrations" ("version") VALUES (?)[0m  [["version", "20190328211040"]]
  ↳ bin/rake:9
  [1m[35m (8.7ms)[0m  [1m[36mcommit transaction[0m
  ↳ bin/rake:9
Migrating to CreateActiveAdminComments (20190328211102)
  [1m[35m (0.1ms)[0m  [1m[36mbegin transaction[0m
  ↳ bin/rake:9
  [1m[35m (6.2ms)[0m  [1m[35mCREATE TABLE "active_admin_comments" ("id" integer PRIMARY KEY AUTOINCREMENT NOT NULL, "namespace" varchar, "body" text, "resource_type" varchar, "resource_id" integer, "author_type" varchar, "author_id" integer, "created_at" datetime NOT NULL, "updated_at" datetime NOT NULL)[0m
  ↳ db/migrate/20190328211102_create_active_admin_comments.rb:3
  [1m[35m (0.3ms)[0m  [1m[35mCREATE  INDEX "index_active_admin_comments_on_resource_type_and_resource_id" ON "active_admin_comments" ("resource_type", "resource_id")[0m
  ↳ db/migrate/20190328211102_create_active_admin_comments.rb:3
  [1m[35m (1.0ms)[0m  [1m[35mCREATE  INDEX "index_active_admin_comments_on_author_type_and_author_id" ON "active_admin_comments" ("author_type", "author_id")[0m
  ↳ db/migrate/20190328211102_create_active_admin_comments.rb:3
  [1m[35m (0.1ms)[0m  [1m[35mCREATE  INDEX "index_active_admin_comments_on_namespace" ON "active_admin_comments" ("namespace")[0m
  ↳ db/migrate/20190328211102_create_active_admin_comments.rb:10
  [1m[36mActiveRecord::SchemaMigration Create (1.1ms)[0m  [1m[32mINSERT INTO "schema_migrations" ("version") VALUES (?)[0m  [["version", "20190328211102"]]
  ↳ bin/rake:9
  [1m[35m (4.2ms)[0m  [1m[36mcommit transaction[0m
  ↳ bin/rake:9
Migrating to AddDeviseToAdminUsers (20190328212019)
  [1m[35m (0.1ms)[0m  [1m[36mbegin transaction[0m
  ↳ bin/rake:9
  [1m[35m (1.2ms)[0m  [1m[35mALTER TABLE "admin_users" ADD "email" varchar DEFAULT '' NOT NULL[0m
  ↳ db/migrate/20190328212019_add_devise_to_admin_users.rb:7
  [1m[35m (0.1ms)[0m  [1m[31mrollback transaction[0m
  ↳ bin/rake:9
  [1m[35m (1.2ms)[0m  [1m[34mSELECT "schema_migrations"."version" FROM "schema_migrations" ORDER BY "schema_migrations"."version" ASC[0m
  ↳ bin/rake:9
Migrating to AddDeviseToAdminUsers (20190328212019)
  [1m[35m (0.1ms)[0m  [1m[36mbegin transaction[0m
  ↳ bin/rake:9
  [1m[35m (0.4ms)[0m  [1m[35mALTER TABLE "admin_users" ADD "email" varchar DEFAULT '' NOT NULL[0m
  ↳ db/migrate/20190328212019_add_devise_to_admin_users.rb:7
  [1m[35m (0.1ms)[0m  [1m[31mrollback transaction[0m
  ↳ bin/rake:9
  [1m[35m (1.4ms)[0m  [1m[34mSELECT "schema_migrations"."version" FROM "schema_migrations" ORDER BY "schema_migrations"."version" ASC[0m
  ↳ bin/rake:9
Migrating to AddDeviseToAdminUsers (20190328212019)
  [1m[35m (0.1ms)[0m  [1m[36mbegin transaction[0m
  ↳ bin/rake:9
  [1m[35m (0.4ms)[0m  [1m[35mALTER TABLE "admin_users" ADD "email" varchar DEFAULT '' NOT NULL[0m
  ↳ db/migrate/20190328212019_add_devise_to_admin_users.rb:7
  [1m[35m (0.1ms)[0m  [1m[31mrollback transaction[0m
  ↳ bin/rake:9
  [1m[35m (1.4ms)[0m  [1m[34mSELECT "schema_migrations"."version" FROM "schema_migrations" ORDER BY "schema_migrations"."version" ASC[0m
  ↳ bin/rake:9
  [1m[35m (1.4ms)[0m  [1m[34mSELECT "schema_migrations"."version" FROM "schema_migrations" ORDER BY "schema_migrations"."version" ASC[0m
  ↳ bin/rake:9
  [1m[35m (1.0ms)[0m  [1m[34mSELECT "schema_migrations"."version" FROM "schema_migrations" ORDER BY "schema_migrations"."version" ASC[0m
  ↳ bin/rake:9
  [1m[35m (1.1ms)[0m  [1m[34mSELECT "schema_migrations"."version" FROM "schema_migrations" ORDER BY "schema_migrations"."version" ASC[0m
  ↳ bin/rake:9
Migrating to CreateActiveAdminComments (20190328211102)
  [1m[35m (0.1ms)[0m  [1m[36mbegin transaction[0m
  ↳ bin/rake:9
  [1m[35m (9.1ms)[0m  [1m[35mDROP TABLE "active_admin_comments"[0m
  ↳ db/migrate/20190328211102_create_active_admin_comments.rb:15
  [1m[36mActiveRecord::SchemaMigration Destroy (0.8ms)[0m  [1m[31mDELETE FROM "schema_migrations" WHERE "schema_migrations"."version" = ?[0m  [["version", "20190328211102"]]
  ↳ bin/rake:9
  [1m[35m (5.1ms)[0m  [1m[36mcommit transaction[0m
  ↳ bin/rake:9
  [1m[35m (7.0ms)[0m  [1m[34mSELECT "schema_migrations"."version" FROM "schema_migrations" ORDER BY "schema_migrations"."version" ASC[0m
  ↳ bin/rake:9
  [1m[35m (1.3ms)[0m  [1m[34mSELECT "schema_migrations"."version" FROM "schema_migrations" ORDER BY "schema_migrations"."version" ASC[0m
  ↳ bin/rake:9
Migrating to CreateActiveAdminComments (20190328211102)
  [1m[35m (0.1ms)[0m  [1m[36mbegin transaction[0m
  ↳ bin/rake:9
  [1m[35m (0.1ms)[0m  [1m[34mSELECT sqlite_version(*)[0m
  ↳ db/migrate/20190328211102_create_active_admin_comments.rb:3
  [1m[35m (2.8ms)[0m  [1m[35mCREATE TABLE "active_admin_comments" ("id" integer PRIMARY KEY AUTOINCREMENT NOT NULL, "namespace" varchar, "body" text, "resource_type" varchar, "resource_id" integer, "author_type" varchar, "author_id" integer, "created_at" datetime NOT NULL, "updated_at" datetime NOT NULL)[0m
  ↳ db/migrate/20190328211102_create_active_admin_comments.rb:3
  [1m[35m (0.2ms)[0m  [1m[35mCREATE  INDEX "index_active_admin_comments_on_resource_type_and_resource_id" ON "active_admin_comments" ("resource_type", "resource_id")[0m
  ↳ db/migrate/20190328211102_create_active_admin_comments.rb:3
  [1m[35m (0.7ms)[0m  [1m[35mCREATE  INDEX "index_active_admin_comments_on_author_type_and_author_id" ON "active_admin_comments" ("author_type", "author_id")[0m
  ↳ db/migrate/20190328211102_create_active_admin_comments.rb:3
  [1m[35m (0.2ms)[0m  [1m[35mCREATE  INDEX "index_active_admin_comments_on_namespace" ON "active_admin_comments" ("namespace")[0m
  ↳ db/migrate/20190328211102_create_active_admin_comments.rb:10
  [1m[36mActiveRecord::SchemaMigration Create (1.9ms)[0m  [1m[32mINSERT INTO "schema_migrations" ("version") VALUES (?)[0m  [["version", "20190328211102"]]
  ↳ bin/rake:9
  [1m[35m (3.2ms)[0m  [1m[36mcommit transaction[0m
  ↳ bin/rake:9
Migrating to AddDeviseToAdminUsers (20190328212019)
  [1m[35m (0.2ms)[0m  [1m[36mbegin transaction[0m
  ↳ bin/rake:9
  [1m[35m (0.7ms)[0m  [1m[35mALTER TABLE "admin_users" ADD "email" varchar DEFAULT '' NOT NULL[0m
  ↳ db/migrate/20190328212019_add_devise_to_admin_users.rb:7
  [1m[35m (0.1ms)[0m  [1m[31mrollback transaction[0m
  ↳ bin/rake:9
  [1m[35m (1.2ms)[0m  [1m[34mSELECT "schema_migrations"."version" FROM "schema_migrations" ORDER BY "schema_migrations"."version" ASC[0m
  ↳ bin/rake:9
  [1m[35m (1.1ms)[0m  [1m[34mSELECT "schema_migrations"."version" FROM "schema_migrations" ORDER BY "schema_migrations"."version" ASC[0m
  ↳ bin/rake:9
  [1m[35m (0.9ms)[0m  [1m[34mSELECT "schema_migrations"."version" FROM "schema_migrations" ORDER BY "schema_migrations"."version" ASC[0m
  ↳ bin/rake:9
  [1m[35m (0.9ms)[0m  [1m[34mSELECT "schema_migrations"."version" FROM "schema_migrations" ORDER BY "schema_migrations"."version" ASC[0m
  ↳ bin/rake:9
Migrating to CreateActiveAdminComments (20190328211102)
  [1m[35m (0.1ms)[0m  [1m[36mbegin transaction[0m
  ↳ bin/rake:9
  [1m[35m (7.4ms)[0m  [1m[35mDROP TABLE "active_admin_comments"[0m
  ↳ db/migrate/20190328211102_create_active_admin_comments.rb:15
  [1m[36mActiveRecord::SchemaMigration Destroy (0.9ms)[0m  [1m[31mDELETE FROM "schema_migrations" WHERE "schema_migrations"."version" = ?[0m  [["version", "20190328211102"]]
  ↳ bin/rake:9
  [1m[35m (9.8ms)[0m  [1m[36mcommit transaction[0m
  ↳ bin/rake:9
  [1m[35m (2.6ms)[0m  [1m[34mSELECT "schema_migrations"."version" FROM "schema_migrations" ORDER BY "schema_migrations"."version" ASC[0m
  ↳ bin/rake:9
  [1m[35m (1.6ms)[0m  [1m[34mSELECT "schema_migrations"."version" FROM "schema_migrations" ORDER BY "schema_migrations"."version" ASC[0m
  ↳ bin/rake:9
  [1m[35m (1.6ms)[0m  [1m[34mSELECT "schema_migrations"."version" FROM "schema_migrations" ORDER BY "schema_migrations"."version" ASC[0m
  ↳ bin/rake:9
Migrating to CreateActiveAdminComments (20190328211102)
  [1m[35m (0.1ms)[0m  [1m[36mbegin transaction[0m
  ↳ bin/rake:9
  [1m[35m (0.1ms)[0m  [1m[34mSELECT sqlite_version(*)[0m
  ↳ db/migrate/20190328211102_create_active_admin_comments.rb:3
  [1m[35m (7.4ms)[0m  [1m[35mCREATE TABLE "active_admin_comments" ("id" integer PRIMARY KEY AUTOINCREMENT NOT NULL, "namespace" varchar, "body" text, "resource_type" varchar, "resource_id" integer, "author_type" varchar, "author_id" integer, "created_at" datetime NOT NULL, "updated_at" datetime NOT NULL)[0m
  ↳ db/migrate/20190328211102_create_active_admin_comments.rb:3
  [1m[35m (0.3ms)[0m  [1m[35mCREATE  INDEX "index_active_admin_comments_on_resource_type_and_resource_id" ON "active_admin_comments" ("resource_type", "resource_id")[0m
  ↳ db/migrate/20190328211102_create_active_admin_comments.rb:3
  [1m[35m (0.7ms)[0m  [1m[35mCREATE  INDEX "index_active_admin_comments_on_author_type_and_author_id" ON "active_admin_comments" ("author_type", "author_id")[0m
  ↳ db/migrate/20190328211102_create_active_admin_comments.rb:3
  [1m[35m (0.1ms)[0m  [1m[35mCREATE  INDEX "index_active_admin_comments_on_namespace" ON "active_admin_comments" ("namespace")[0m
  ↳ db/migrate/20190328211102_create_active_admin_comments.rb:10
  [1m[36mActiveRecord::SchemaMigration Create (0.9ms)[0m  [1m[32mINSERT INTO "schema_migrations" ("version") VALUES (?)[0m  [["version", "20190328211102"]]
  ↳ bin/rake:9
  [1m[35m (9.6ms)[0m  [1m[36mcommit transaction[0m
  ↳ bin/rake:9
Migrating to AddDeviseToAdminUsers (20190328212019)
  [1m[35m (0.1ms)[0m  [1m[36mbegin transaction[0m
  ↳ bin/rake:9
  [1m[35m (0.3ms)[0m  [1m[35mALTER TABLE "admin_users" ADD "email" varchar DEFAULT '' NOT NULL[0m
  ↳ db/migrate/20190328212019_add_devise_to_admin_users.rb:7
  [1m[35m (0.1ms)[0m  [1m[31mrollback transaction[0m
  ↳ bin/rake:9
  [1m[35m (1.2ms)[0m  [1m[34mSELECT "schema_migrations"."version" FROM "schema_migrations" ORDER BY "schema_migrations"."version" ASC[0m
  ↳ bin/rake:9
  [1m[35m (0.9ms)[0m  [1m[34mSELECT "schema_migrations"."version" FROM "schema_migrations" ORDER BY "schema_migrations"."version" ASC[0m
  ↳ bin/rake:9
  [1m[35m (1.0ms)[0m  [1m[34mSELECT "schema_migrations"."version" FROM "schema_migrations" ORDER BY "schema_migrations"."version" ASC[0m
  ↳ bin/rake:9
  [1m[35m (0.9ms)[0m  [1m[34mSELECT "schema_migrations"."version" FROM "schema_migrations" ORDER BY "schema_migrations"."version" ASC[0m
  ↳ bin/rake:9
Migrating to CreateActiveAdminComments (20190328211102)
  [1m[35m (0.1ms)[0m  [1m[36mbegin transaction[0m
  ↳ bin/rake:9
  [1m[35m (8.4ms)[0m  [1m[35mDROP TABLE "active_admin_comments"[0m
  ↳ db/migrate/20190328211102_create_active_admin_comments.rb:15
  [1m[36mActiveRecord::SchemaMigration Destroy (1.9ms)[0m  [1m[31mDELETE FROM "schema_migrations" WHERE "schema_migrations"."version" = ?[0m  [["version", "20190328211102"]]
  ↳ bin/rake:9
  [1m[35m (6.7ms)[0m  [1m[36mcommit transaction[0m
  ↳ bin/rake:9
  [1m[35m (1.3ms)[0m  [1m[34mSELECT "schema_migrations"."version" FROM "schema_migrations" ORDER BY "schema_migrations"."version" ASC[0m
  ↳ bin/rake:9
  [1m[35m (1.4ms)[0m  [1m[34mSELECT "schema_migrations"."version" FROM "schema_migrations" ORDER BY "schema_migrations"."version" ASC[0m
  ↳ bin/rake:9
  [1m[35m (1.1ms)[0m  [1m[34mSELECT "schema_migrations"."version" FROM "schema_migrations" ORDER BY "schema_migrations"."version" ASC[0m
  ↳ bin/rake:9
  [1m[35m (1.1ms)[0m  [1m[34mSELECT "schema_migrations"."version" FROM "schema_migrations" ORDER BY "schema_migrations"."version" ASC[0m
  ↳ bin/rake:9
  [1m[35m (1.1ms)[0m  [1m[34mSELECT "schema_migrations"."version" FROM "schema_migrations" ORDER BY "schema_migrations"."version" ASC[0m
  ↳ bin/rake:9
Migrating to DeviseCreateAdminUsers (20190328211040)
  [1m[35m (0.1ms)[0m  [1m[36mbegin transaction[0m
  ↳ bin/rake:9
  [1m[35m (5.8ms)[0m  [1m[35mDROP INDEX "index_admin_users_on_reset_password_token"[0m
  ↳ bin/rake:9
  [1m[35m (1.0ms)[0m  [1m[35mDROP INDEX "index_admin_users_on_email"[0m
  ↳ bin/rake:9
  [1m[35m (1.2ms)[0m  [1m[35mDROP TABLE "admin_users"[0m
  ↳ bin/rake:9
  [1m[36mActiveRecord::SchemaMigration Destroy (0.7ms)[0m  [1m[31mDELETE FROM "schema_migrations" WHERE "schema_migrations"."version" = ?[0m  [["version", "20190328211040"]]
  ↳ bin/rake:9
  [1m[35m (3.8ms)[0m  [1m[36mcommit transaction[0m
  ↳ bin/rake:9
  [1m[35m (0.9ms)[0m  [1m[34mSELECT "schema_migrations"."version" FROM "schema_migrations" ORDER BY "schema_migrations"."version" ASC[0m
  ↳ bin/rake:9
  [1m[35m (1.4ms)[0m  [1m[34mSELECT "schema_migrations"."version" FROM "schema_migrations" ORDER BY "schema_migrations"."version" ASC[0m
  ↳ bin/rake:9
  [1m[35m (1.2ms)[0m  [1m[34mSELECT "schema_migrations"."version" FROM "schema_migrations" ORDER BY "schema_migrations"."version" ASC[0m
  ↳ bin/rake:9
  [1m[35m (1.1ms)[0m  [1m[34mSELECT "schema_migrations"."version" FROM "schema_migrations" ORDER BY "schema_migrations"."version" ASC[0m
  ↳ bin/rake:9
  [1m[35m (1.0ms)[0m  [1m[34mSELECT "schema_migrations"."version" FROM "schema_migrations" ORDER BY "schema_migrations"."version" ASC[0m
  ↳ bin/rake:9
  [1m[35m (1.4ms)[0m  [1m[34mSELECT "schema_migrations"."version" FROM "schema_migrations" ORDER BY "schema_migrations"."version" ASC[0m
  ↳ bin/rake:9
Migrating to DeviseCreateAdminUsers (20190328211040)
  [1m[35m (0.1ms)[0m  [1m[36mbegin transaction[0m
  ↳ bin/rake:9
  [1m[35m (0.1ms)[0m  [1m[34mSELECT sqlite_version(*)[0m
  ↳ db/migrate/20190328211040_devise_create_admin_users.rb:5
  [1m[35m (4.8ms)[0m  [1m[35mCREATE TABLE "admin_users" ("id" integer PRIMARY KEY AUTOINCREMENT NOT NULL, "email" varchar DEFAULT '' NOT NULL, "encrypted_password" varchar DEFAULT '' NOT NULL, "reset_password_token" varchar, "reset_password_sent_at" datetime, "remember_created_at" datetime, "created_at" datetime NOT NULL, "updated_at" datetime NOT NULL)[0m
  ↳ db/migrate/20190328211040_devise_create_admin_users.rb:5
  [1m[35m (1.0ms)[0m  [1m[35mCREATE UNIQUE INDEX "index_admin_users_on_email" ON "admin_users" ("email")[0m
  ↳ db/migrate/20190328211040_devise_create_admin_users.rb:39
  [1m[35m (0.6ms)[0m  [1m[35mCREATE UNIQUE INDEX "index_admin_users_on_reset_password_token" ON "admin_users" ("reset_password_token")[0m
  ↳ db/migrate/20190328211040_devise_create_admin_users.rb:40
  [1m[36mActiveRecord::SchemaMigration Create (1.0ms)[0m  [1m[32mINSERT INTO "schema_migrations" ("version") VALUES (?)[0m  [["version", "20190328211040"]]
  ↳ bin/rake:9
  [1m[35m (3.4ms)[0m  [1m[36mcommit transaction[0m
  ↳ bin/rake:9
Migrating to CreateActiveAdminComments (20190328211102)
  [1m[35m (0.8ms)[0m  [1m[36mbegin transaction[0m
  ↳ bin/rake:9
  [1m[35m (4.5ms)[0m  [1m[35mCREATE TABLE "active_admin_comments" ("id" integer PRIMARY KEY AUTOINCREMENT NOT NULL, "namespace" varchar, "body" text, "resource_type" varchar, "resource_id" integer, "author_type" varchar, "author_id" integer, "created_at" datetime NOT NULL, "updated_at" datetime NOT NULL)[0m
  ↳ db/migrate/20190328211102_create_active_admin_comments.rb:3
  [1m[35m (0.6ms)[0m  [1m[35mCREATE  INDEX "index_active_admin_comments_on_resource_type_and_resource_id" ON "active_admin_comments" ("resource_type", "resource_id")[0m
  ↳ db/migrate/20190328211102_create_active_admin_comments.rb:3
  [1m[35m (0.2ms)[0m  [1m[35mCREATE  INDEX "index_active_admin_comments_on_author_type_and_author_id" ON "active_admin_comments" ("author_type", "author_id")[0m
  ↳ db/migrate/20190328211102_create_active_admin_comments.rb:3
  [1m[35m (0.2ms)[0m  [1m[35mCREATE  INDEX "index_active_admin_comments_on_namespace" ON "active_admin_comments" ("namespace")[0m
  ↳ db/migrate/20190328211102_create_active_admin_comments.rb:10
  [1m[36mActiveRecord::SchemaMigration Create (0.9ms)[0m  [1m[32mINSERT INTO "schema_migrations" ("version") VALUES (?)[0m  [["version", "20190328211102"]]
  ↳ bin/rake:9
  [1m[35m (3.1ms)[0m  [1m[36mcommit transaction[0m
  ↳ bin/rake:9
Migrating to AddDeviseToAdminUsers (20190328212019)
  [1m[35m (0.1ms)[0m  [1m[36mbegin transaction[0m
  ↳ bin/rake:9
  [1m[35m (0.5ms)[0m  [1m[35mALTER TABLE "admin_users" ADD "email" varchar DEFAULT '' NOT NULL[0m
  ↳ db/migrate/20190328212019_add_devise_to_admin_users.rb:7
  [1m[35m (0.1ms)[0m  [1m[31mrollback transaction[0m
  ↳ bin/rake:9
  [1m[35m (1.2ms)[0m  [1m[34mSELECT "schema_migrations"."version" FROM "schema_migrations" ORDER BY "schema_migrations"."version" ASC[0m
  ↳ bin/rake:9
  [1m[35m (0.9ms)[0m  [1m[34mSELECT "schema_migrations"."version" FROM "schema_migrations" ORDER BY "schema_migrations"."version" ASC[0m
  ↳ bin/rake:9
  [1m[35m (0.9ms)[0m  [1m[34mSELECT "schema_migrations"."version" FROM "schema_migrations" ORDER BY "schema_migrations"."version" ASC[0m
  ↳ bin/rake:9
  [1m[35m (1.0ms)[0m  [1m[34mSELECT "schema_migrations"."version" FROM "schema_migrations" ORDER BY "schema_migrations"."version" ASC[0m
  ↳ bin/rake:9
Migrating to CreateActiveAdminComments (20190328211102)
  [1m[35m (0.1ms)[0m  [1m[36mbegin transaction[0m
  ↳ bin/rake:9
  [1m[35m (8.8ms)[0m  [1m[35mDROP TABLE "active_admin_comments"[0m
  ↳ db/migrate/20190328211102_create_active_admin_comments.rb:15
  [1m[36mActiveRecord::SchemaMigration Destroy (1.0ms)[0m  [1m[31mDELETE FROM "schema_migrations" WHERE "schema_migrations"."version" = ?[0m  [["version", "20190328211102"]]
  ↳ bin/rake:9
  [1m[35m (8.1ms)[0m  [1m[36mcommit transaction[0m
  ↳ bin/rake:9
  [1m[35m (2.2ms)[0m  [1m[34mSELECT "schema_migrations"."version" FROM "schema_migrations" ORDER BY "schema_migrations"."version" ASC[0m
  ↳ bin/rake:9
  [1m[35m (1.2ms)[0m  [1m[34mSELECT "schema_migrations"."version" FROM "schema_migrations" ORDER BY "schema_migrations"."version" ASC[0m
  ↳ bin/rake:9
  [1m[35m (1.1ms)[0m  [1m[34mSELECT "schema_migrations"."version" FROM "schema_migrations" ORDER BY "schema_migrations"."version" ASC[0m
  ↳ bin/rake:9
  [1m[35m (0.9ms)[0m  [1m[34mSELECT "schema_migrations"."version" FROM "schema_migrations" ORDER BY "schema_migrations"."version" ASC[0m
  ↳ bin/rake:9
  [1m[35m (1.0ms)[0m  [1m[34mSELECT "schema_migrations"."version" FROM "schema_migrations" ORDER BY "schema_migrations"."version" ASC[0m
  ↳ bin/rake:9
Migrating to DeviseCreateAdminUsers (20190328211040)
  [1m[35m (0.1ms)[0m  [1m[36mbegin transaction[0m
  ↳ bin/rake:9
  [1m[35m (1.6ms)[0m  [1m[35mDROP INDEX "index_admin_users_on_reset_password_token"[0m
  ↳ bin/rake:9
  [1m[35m (0.8ms)[0m  [1m[35mDROP INDEX "index_admin_users_on_email"[0m
  ↳ bin/rake:9
  [1m[35m (0.5ms)[0m  [1m[35mDROP TABLE "admin_users"[0m
  ↳ bin/rake:9
  [1m[36mActiveRecord::SchemaMigration Destroy (1.6ms)[0m  [1m[31mDELETE FROM "schema_migrations" WHERE "schema_migrations"."version" = ?[0m  [["version", "20190328211040"]]
  ↳ bin/rake:9
  [1m[35m (5.7ms)[0m  [1m[36mcommit transaction[0m
  ↳ bin/rake:9
  [1m[35m (2.5ms)[0m  [1m[34mSELECT "schema_migrations"."version" FROM "schema_migrations" ORDER BY "schema_migrations"."version" ASC[0m
  ↳ bin/rake:9
  [1m[35m (1.3ms)[0m  [1m[34mSELECT "schema_migrations"."version" FROM "schema_migrations" ORDER BY "schema_migrations"."version" ASC[0m
  ↳ bin/rake:9
  [1m[35m (1.0ms)[0m  [1m[34mSELECT "schema_migrations"."version" FROM "schema_migrations" ORDER BY "schema_migrations"."version" ASC[0m
  ↳ bin/rake:9
  [1m[35m (1.0ms)[0m  [1m[34mSELECT "schema_migrations"."version" FROM "schema_migrations" ORDER BY "schema_migrations"."version" ASC[0m
  ↳ bin/rake:9
  [1m[35m (1.0ms)[0m  [1m[34mSELECT "schema_migrations"."version" FROM "schema_migrations" ORDER BY "schema_migrations"."version" ASC[0m
  ↳ bin/rake:9
  [1m[35m (1.4ms)[0m  [1m[34mSELECT "schema_migrations"."version" FROM "schema_migrations" ORDER BY "schema_migrations"."version" ASC[0m
  ↳ bin/rake:9
Migrating to DeviseCreateAdminUsers (20190328211040)
  [1m[35m (0.1ms)[0m  [1m[36mbegin transaction[0m
  ↳ bin/rake:9
  [1m[35m (0.2ms)[0m  [1m[34mSELECT sqlite_version(*)[0m
  ↳ db/migrate/20190328211040_devise_create_admin_users.rb:5
  [1m[35m (4.7ms)[0m  [1m[35mCREATE TABLE "admin_users" ("id" integer PRIMARY KEY AUTOINCREMENT NOT NULL, "email" varchar DEFAULT '' NOT NULL, "encrypted_password" varchar DEFAULT '' NOT NULL, "reset_password_token" varchar, "reset_password_sent_at" datetime, "remember_created_at" datetime, "created_at" datetime NOT NULL, "updated_at" datetime NOT NULL)[0m
  ↳ db/migrate/20190328211040_devise_create_admin_users.rb:5
  [1m[35m (1.9ms)[0m  [1m[35mCREATE UNIQUE INDEX "index_admin_users_on_email" ON "admin_users" ("email")[0m
  ↳ db/migrate/20190328211040_devise_create_admin_users.rb:39
  [1m[35m (0.3ms)[0m  [1m[35mCREATE UNIQUE INDEX "index_admin_users_on_reset_password_token" ON "admin_users" ("reset_password_token")[0m
  ↳ db/migrate/20190328211040_devise_create_admin_users.rb:40
  [1m[36mActiveRecord::SchemaMigration Create (1.5ms)[0m  [1m[32mINSERT INTO "schema_migrations" ("version") VALUES (?)[0m  [["version", "20190328211040"]]
  ↳ bin/rake:9
  [1m[35m (7.3ms)[0m  [1m[36mcommit transaction[0m
  ↳ bin/rake:9
Migrating to CreateActiveAdminComments (20190328211102)
  [1m[35m (0.1ms)[0m  [1m[36mbegin transaction[0m
  ↳ bin/rake:9
  [1m[35m (5.0ms)[0m  [1m[35mCREATE TABLE "active_admin_comments" ("id" integer PRIMARY KEY AUTOINCREMENT NOT NULL, "namespace" varchar, "body" text, "resource_type" varchar, "resource_id" integer, "author_type" varchar, "author_id" integer, "created_at" datetime NOT NULL, "updated_at" datetime NOT NULL)[0m
  ↳ db/migrate/20190328211102_create_active_admin_comments.rb:3
  [1m[35m (0.5ms)[0m  [1m[35mCREATE  INDEX "index_active_admin_comments_on_resource_type_and_resource_id" ON "active_admin_comments" ("resource_type", "resource_id")[0m
  ↳ db/migrate/20190328211102_create_active_admin_comments.rb:3
  [1m[35m (0.1ms)[0m  [1m[35mCREATE  INDEX "index_active_admin_comments_on_author_type_and_author_id" ON "active_admin_comments" ("author_type", "author_id")[0m
  ↳ db/migrate/20190328211102_create_active_admin_comments.rb:3
  [1m[35m (0.1ms)[0m  [1m[35mCREATE  INDEX "index_active_admin_comments_on_namespace" ON "active_admin_comments" ("namespace")[0m
  ↳ db/migrate/20190328211102_create_active_admin_comments.rb:10
  [1m[36mActiveRecord::SchemaMigration Create (0.8ms)[0m  [1m[32mINSERT INTO "schema_migrations" ("version") VALUES (?)[0m  [["version", "20190328211102"]]
  ↳ bin/rake:9
  [1m[35m (3.4ms)[0m  [1m[36mcommit transaction[0m
  ↳ bin/rake:9
Migrating to AddDeviseToAdminUsers (20190328212019)
  [1m[35m (0.1ms)[0m  [1m[36mbegin transaction[0m
  ↳ bin/rake:9
  [1m[35m (0.4ms)[0m  [1m[35mALTER TABLE "admin_users" ADD "email" varchar DEFAULT '' NOT NULL[0m
  ↳ db/migrate/20190328212019_add_devise_to_admin_users.rb:7
  [1m[35m (0.1ms)[0m  [1m[31mrollback transaction[0m
  ↳ bin/rake:9
  [1m[35m (1.4ms)[0m  [1m[34mSELECT "schema_migrations"."version" FROM "schema_migrations" ORDER BY "schema_migrations"."version" ASC[0m
  ↳ bin/rake:9
  [1m[35m (1.5ms)[0m  [1m[34mSELECT "schema_migrations"."version" FROM "schema_migrations" ORDER BY "schema_migrations"."version" ASC[0m
  ↳ bin/rake:9
  [1m[35m (1.1ms)[0m  [1m[34mSELECT "schema_migrations"."version" FROM "schema_migrations" ORDER BY "schema_migrations"."version" ASC[0m
  ↳ bin/rake:9
  [1m[35m (1.1ms)[0m  [1m[34mSELECT "schema_migrations"."version" FROM "schema_migrations" ORDER BY "schema_migrations"."version" ASC[0m
  ↳ bin/rake:9
Migrating to CreateActiveAdminComments (20190328211102)
  [1m[35m (0.1ms)[0m  [1m[36mbegin transaction[0m
  ↳ bin/rake:9
  [1m[35m (9.7ms)[0m  [1m[35mDROP TABLE "active_admin_comments"[0m
  ↳ db/migrate/20190328211102_create_active_admin_comments.rb:15
  [1m[36mActiveRecord::SchemaMigration Destroy (1.2ms)[0m  [1m[31mDELETE FROM "schema_migrations" WHERE "schema_migrations"."version" = ?[0m  [["version", "20190328211102"]]
  ↳ bin/rake:9
  [1m[35m (3.3ms)[0m  [1m[36mcommit transaction[0m
  ↳ bin/rake:9
  [1m[35m (2.8ms)[0m  [1m[34mSELECT "schema_migrations"."version" FROM "schema_migrations" ORDER BY "schema_migrations"."version" ASC[0m
  ↳ bin/rake:9
  [1m[35m (2.0ms)[0m  [1m[34mSELECT "schema_migrations"."version" FROM "schema_migrations" ORDER BY "schema_migrations"."version" ASC[0m
  ↳ bin/rake:9
  [1m[35m (1.6ms)[0m  [1m[34mSELECT "schema_migrations"."version" FROM "schema_migrations" ORDER BY "schema_migrations"."version" ASC[0m
  ↳ bin/rake:9
  [1m[35m (1.5ms)[0m  [1m[34mSELECT "schema_migrations"."version" FROM "schema_migrations" ORDER BY "schema_migrations"."version" ASC[0m
  ↳ bin/rake:9
  [1m[35m (1.4ms)[0m  [1m[34mSELECT "schema_migrations"."version" FROM "schema_migrations" ORDER BY "schema_migrations"."version" ASC[0m
  ↳ bin/rake:9
Migrating to DeviseCreateAdminUsers (20190328211040)
  [1m[35m (0.1ms)[0m  [1m[36mbegin transaction[0m
  ↳ bin/rake:9
  [1m[35m (10.1ms)[0m  [1m[35mDROP INDEX "index_admin_users_on_reset_password_token"[0m
  ↳ bin/rake:9
  [1m[35m (2.6ms)[0m  [1m[35mDROP INDEX "index_admin_users_on_email"[0m
  ↳ bin/rake:9
  [1m[35m (2.3ms)[0m  [1m[35mDROP TABLE "admin_users"[0m
  ↳ bin/rake:9
  [1m[36mActiveRecord::SchemaMigration Destroy (4.4ms)[0m  [1m[31mDELETE FROM "schema_migrations" WHERE "schema_migrations"."version" = ?[0m  [["version", "20190328211040"]]
  ↳ bin/rake:9
  [1m[35m (5.9ms)[0m  [1m[36mcommit transaction[0m
  ↳ bin/rake:9
  [1m[35m (5.9ms)[0m  [1m[34mSELECT "schema_migrations"."version" FROM "schema_migrations" ORDER BY "schema_migrations"."version" ASC[0m
  ↳ bin/rake:9
  [1m[35m (1.2ms)[0m  [1m[34mSELECT "schema_migrations"."version" FROM "schema_migrations" ORDER BY "schema_migrations"."version" ASC[0m
  ↳ bin/rake:9
Migrating to DeviseCreateAdminUsers (20190328211040)
  [1m[35m (0.1ms)[0m  [1m[36mbegin transaction[0m
  ↳ bin/rake:9
  [1m[35m (0.3ms)[0m  [1m[34mSELECT sqlite_version(*)[0m
  ↳ db/migrate/20190328211040_devise_create_admin_users.rb:5
  [1m[35m (3.4ms)[0m  [1m[35mCREATE TABLE "admin_users" ("id" integer PRIMARY KEY AUTOINCREMENT NOT NULL, "email" varchar DEFAULT '' NOT NULL, "encrypted_password" varchar DEFAULT '' NOT NULL, "reset_password_token" varchar, "reset_password_sent_at" datetime, "remember_created_at" datetime, "created_at" datetime NOT NULL, "updated_at" datetime NOT NULL)[0m
  ↳ db/migrate/20190328211040_devise_create_admin_users.rb:5
  [1m[35m (0.3ms)[0m  [1m[35mCREATE UNIQUE INDEX "index_admin_users_on_email" ON "admin_users" ("email")[0m
  ↳ db/migrate/20190328211040_devise_create_admin_users.rb:39
  [1m[35m (0.4ms)[0m  [1m[35mCREATE UNIQUE INDEX "index_admin_users_on_reset_password_token" ON "admin_users" ("reset_password_token")[0m
  ↳ db/migrate/20190328211040_devise_create_admin_users.rb:40
  [1m[36mActiveRecord::SchemaMigration Create (0.9ms)[0m  [1m[32mINSERT INTO "schema_migrations" ("version") VALUES (?)[0m  [["version", "20190328211040"]]
  ↳ bin/rake:9
  [1m[35m (3.7ms)[0m  [1m[36mcommit transaction[0m
  ↳ bin/rake:9
Migrating to CreateActiveAdminComments (20190328211102)
  [1m[35m (0.1ms)[0m  [1m[36mbegin transaction[0m
  ↳ bin/rake:9
  [1m[35m (7.0ms)[0m  [1m[35mCREATE TABLE "active_admin_comments" ("id" integer PRIMARY KEY AUTOINCREMENT NOT NULL, "namespace" varchar, "body" text, "resource_type" varchar, "resource_id" integer, "author_type" varchar, "author_id" integer, "created_at" datetime NOT NULL, "updated_at" datetime NOT NULL)[0m
  ↳ db/migrate/20190328211102_create_active_admin_comments.rb:3
  [1m[35m (1.3ms)[0m  [1m[35mCREATE  INDEX "index_active_admin_comments_on_resource_type_and_resource_id" ON "active_admin_comments" ("resource_type", "resource_id")[0m
  ↳ db/migrate/20190328211102_create_active_admin_comments.rb:3
  [1m[35m (0.3ms)[0m  [1m[35mCREATE  INDEX "index_active_admin_comments_on_author_type_and_author_id" ON "active_admin_comments" ("author_type", "author_id")[0m
  ↳ db/migrate/20190328211102_create_active_admin_comments.rb:3
  [1m[35m (0.1ms)[0m  [1m[35mCREATE  INDEX "index_active_admin_comments_on_namespace" ON "active_admin_comments" ("namespace")[0m
  ↳ db/migrate/20190328211102_create_active_admin_comments.rb:10
  [1m[36mActiveRecord::SchemaMigration Create (4.6ms)[0m  [1m[32mINSERT INTO "schema_migrations" ("version") VALUES (?)[0m  [["version", "20190328211102"]]
  ↳ bin/rake:9
  [1m[35m (4.6ms)[0m  [1m[36mcommit transaction[0m
  ↳ bin/rake:9
  [1m[36mActiveRecord::InternalMetadata Load (1.3ms)[0m  [1m[34mSELECT  "ar_internal_metadata".* FROM "ar_internal_metadata" WHERE "ar_internal_metadata"."key" = ? LIMIT ?[0m  [["key", "environment"], ["LIMIT", 1]]
  ↳ bin/rake:9
  [1m[35m (0.1ms)[0m  [1m[36mbegin transaction[0m
  ↳ bin/rake:9
  [1m[36mActiveRecord::InternalMetadata Create (4.2ms)[0m  [1m[32mINSERT INTO "ar_internal_metadata" ("key", "value", "created_at", "updated_at") VALUES (?, ?, ?, ?)[0m  [["key", "environment"], ["value", "development"], ["created_at", "2019-03-28 21:32:03.573307"], ["updated_at", "2019-03-28 21:32:03.573307"]]
  ↳ bin/rake:9
  [1m[35m (3.9ms)[0m  [1m[36mcommit transaction[0m
  ↳ bin/rake:9
  [1m[35m (1.3ms)[0m  [1m[34mSELECT "schema_migrations"."version" FROM "schema_migrations" ORDER BY "schema_migrations"."version" ASC[0m
  ↳ bin/rake:9
  [1m[35m (1.2ms)[0m  [1m[34mSELECT "schema_migrations"."version" FROM "schema_migrations" ORDER BY "schema_migrations"."version" ASC[0m
  ↳ bin/rake:9
  [1m[35m (0.1ms)[0m  [1m[36mbegin transaction[0m
  ↳ db/seeds.rb:8
  [1m[36mAdminUser Exists (1.9ms)[0m  [1m[34mSELECT  1 AS one FROM "admin_users" WHERE "admin_users"."email" = ? LIMIT ?[0m  [["email", "admin2@example.com"], ["LIMIT", 1]]
  ↳ db/seeds.rb:8
  [1m[36mAdminUser Exists (0.1ms)[0m  [1m[34mSELECT  1 AS one FROM "admin_users" WHERE "admin_users"."email" = ? LIMIT ?[0m  [["email", "admin2@example.com"], ["LIMIT", 1]]
  ↳ db/seeds.rb:8
  [1m[36mAdminUser Exists (0.1ms)[0m  [1m[34mSELECT  1 AS one FROM "admin_users" WHERE "admin_users"."email" = ? LIMIT ?[0m  [["email", "admin2@example.com"], ["LIMIT", 1]]
  ↳ db/seeds.rb:8
  [1m[36mAdminUser Exists (0.2ms)[0m  [1m[34mSELECT  1 AS one FROM "admin_users" WHERE "admin_users"."email" = ? LIMIT ?[0m  [["email", "admin2@example.com"], ["LIMIT", 1]]
  ↳ db/seeds.rb:8
  [1m[36mAdminUser Create (4.2ms)[0m  [1m[32mINSERT INTO "admin_users" ("email", "encrypted_password", "created_at", "updated_at") VALUES (?, ?, ?, ?)[0m  [["email", "admin2@example.com"], ["encrypted_password", "$2a$11$TW4SU5ATEJeK8oL20DeI6uBQBhqxXINUAygGq.yCxh5L2CNpk3tk."], ["created_at", "2019-03-28 21:32:10.691769"], ["updated_at", "2019-03-28 21:32:10.691769"]]
  ↳ db/seeds.rb:8
  [1m[35m (2.8ms)[0m  [1m[36mcommit transaction[0m
  ↳ db/seeds.rb:8
Started GET "/" for 10.0.2.2 at 2019-03-28 21:32:38 +0000
  [1m[35m (0.8ms)[0m  [1m[34mSELECT "schema_migrations"."version" FROM "schema_migrations" ORDER BY "schema_migrations"."version" ASC[0m
  ↳ /home/vagrant/.rvm/gems/ruby-2.3.5/gems/activerecord-5.2.3/lib/active_record/log_subscriber.rb:98
Processing by Rails::WelcomeController#index as HTML
  Rendering /home/vagrant/.rvm/gems/ruby-2.3.5/gems/railties-5.2.3/lib/rails/templates/rails/welcome/index.html.erb
  Rendered /home/vagrant/.rvm/gems/ruby-2.3.5/gems/railties-5.2.3/lib/rails/templates/rails/welcome/index.html.erb (16.9ms)
Completed 200 OK in 32ms (Views: 30.4ms | ActiveRecord: 0.0ms)


Started GET "/admin" for 10.0.2.2 at 2019-03-28 21:32:54 +0000
Processing by Admin::DashboardController#index as HTML
Completed 401 Unauthorized in 21ms (ActiveRecord: 0.0ms)


Started GET "/admin/login" for 10.0.2.2 at 2019-03-28 21:32:54 +0000
Processing by ActiveAdmin::Devise::SessionsController#new as HTML
  Rendering /home/vagrant/.rvm/gems/ruby-2.3.5/gems/activeadmin-1.4.3/app/views/active_admin/devise/sessions/new.html.erb within layouts/active_admin_logged_out
  Rendered /home/vagrant/.rvm/gems/ruby-2.3.5/gems/activeadmin-1.4.3/app/views/active_admin/devise/shared/_links.erb (1.2ms)
  Rendered /home/vagrant/.rvm/gems/ruby-2.3.5/gems/activeadmin-1.4.3/app/views/active_admin/devise/sessions/new.html.erb within layouts/active_admin_logged_out (212.1ms)
Completed 200 OK in 8238ms (Views: 8191.2ms | ActiveRecord: 15.1ms)


Started GET "/assets/active_admin-e670a4b09c70a1cf0e546e3cc233273ec00d44a2fe841969cac0562998dbec41.js" for 10.0.2.2 at 2019-03-28 21:33:02 +0000
Started GET "/assets/active_admin-3d89357a1d6dd896ec97b52fceb38306b4c3e4acba034898c74c0c9662f064a8.css" for 10.0.2.2 at 2019-03-28 21:33:02 +0000
Started GET "/assets/active_admin/print-d33387f1de894e330984b5ae4a9ced78490aca3a83277bea0074efdca1859e29.css" for 10.0.2.2 at 2019-03-28 21:33:03 +0000
  [1m[35m (1.4ms)[0m  [1m[34mSELECT "schema_migrations"."version" FROM "schema_migrations" ORDER BY "schema_migrations"."version" ASC[0m
  ↳ bin/rake:9
Migrating to CreateDrinks (20190328215145)
  [1m[35m (0.2ms)[0m  [1m[36mbegin transaction[0m
  ↳ bin/rake:9
  [1m[35m (0.5ms)[0m  [1m[34mSELECT sqlite_version(*)[0m
  ↳ db/migrate/20190328215145_create_drinks.rb:3
  [1m[35m (6.4ms)[0m  [1m[35mCREATE TABLE "drinks" ("id" integer PRIMARY KEY AUTOINCREMENT NOT NULL, "title" varchar, "description" varchar, "steps" varchar, "source" varchar, "created_at" datetime NOT NULL, "updated_at" datetime NOT NULL)[0m
  ↳ db/migrate/20190328215145_create_drinks.rb:3
  [1m[36mActiveRecord::SchemaMigration Create (1.5ms)[0m  [1m[32mINSERT INTO "schema_migrations" ("version") VALUES (?)[0m  [["version", "20190328215145"]]
  ↳ bin/rake:9
  [1m[35m (3.9ms)[0m  [1m[36mcommit transaction[0m
  ↳ bin/rake:9
Migrating to CreateIngredients (20190328215615)
  [1m[35m (0.1ms)[0m  [1m[36mbegin transaction[0m
  ↳ bin/rake:9
  [1m[35m (6.1ms)[0m  [1m[35mCREATE TABLE "ingredients" ("id" integer PRIMARY KEY AUTOINCREMENT NOT NULL, "drink_id" integer, "description" varchar, "created_at" datetime NOT NULL, "updated_at" datetime NOT NULL, CONSTRAINT "fk_rails_70120bc807"
FOREIGN KEY ("drink_id")
  REFERENCES "drinks" ("id")
)[0m
  ↳ db/migrate/20190328215615_create_ingredients.rb:3
  [1m[35m (0.5ms)[0m  [1m[35mCREATE  INDEX "index_ingredients_on_drink_id" ON "ingredients" ("drink_id")[0m
  ↳ db/migrate/20190328215615_create_ingredients.rb:3
  [1m[36mActiveRecord::SchemaMigration Create (1.5ms)[0m  [1m[32mINSERT INTO "schema_migrations" ("version") VALUES (?)[0m  [["version", "20190328215615"]]
  ↳ bin/rake:9
  [1m[35m (5.0ms)[0m  [1m[36mcommit transaction[0m
  ↳ bin/rake:9
  [1m[36mActiveRecord::InternalMetadata Load (1.8ms)[0m  [1m[34mSELECT  "ar_internal_metadata".* FROM "ar_internal_metadata" WHERE "ar_internal_metadata"."key" = ? LIMIT ?[0m  [["key", "environment"], ["LIMIT", 1]]
  ↳ bin/rake:9
  [1m[35m (0.3ms)[0m  [1m[36mbegin transaction[0m
  ↳ bin/rake:9
  [1m[35m (0.3ms)[0m  [1m[36mcommit transaction[0m
  ↳ bin/rake:9
  [1m[35m (1.7ms)[0m  [1m[34mSELECT "schema_migrations"."version" FROM "schema_migrations" ORDER BY "schema_migrations"."version" ASC[0m
  ↳ bin/rake:9
Started GET "/" for 10.0.2.2 at 2019-03-28 22:00:16 +0000
  [1m[35m (1.8ms)[0m  [1m[34mSELECT "schema_migrations"."version" FROM "schema_migrations" ORDER BY "schema_migrations"."version" ASC[0m
  ↳ /home/vagrant/.rvm/gems/ruby-2.3.5/gems/activerecord-5.2.3/lib/active_record/log_subscriber.rb:98
Processing by Rails::WelcomeController#index as HTML
  Rendering /home/vagrant/.rvm/gems/ruby-2.3.5/gems/railties-5.2.3/lib/rails/templates/rails/welcome/index.html.erb
  Rendered /home/vagrant/.rvm/gems/ruby-2.3.5/gems/railties-5.2.3/lib/rails/templates/rails/welcome/index.html.erb (14.3ms)
Completed 200 OK in 75ms (Views: 72.0ms | ActiveRecord: 0.0ms)


Started GET "/api/drinks" for 10.0.2.2 at 2019-03-28 22:00:31 +0000
Processing by DrinksController#index as HTML
  [1m[36mDrink Load (4.2ms)[0m  [1m[34mSELECT "drinks".* FROM "drinks"[0m
  ↳ app/controllers/drinks_controller.rb:8
Completed 200 OK in 15ms (Views: 5.6ms | ActiveRecord: 8.4ms)


  [1m[35m (1.3ms)[0m  [1m[34mSELECT "schema_migrations"."version" FROM "schema_migrations" ORDER BY "schema_migrations"."version" ASC[0m
  ↳ bin/rake:9
  [1m[35m (2.2ms)[0m  [1m[34mSELECT "ar_internal_metadata"."value" FROM "ar_internal_metadata" WHERE "ar_internal_metadata"."key" = ?[0m  [["key", "environment"]]
  ↳ bin/rake:9
  [1m[35m (1.6ms)[0m  [1m[34mSELECT "schema_migrations"."version" FROM "schema_migrations" ORDER BY "schema_migrations"."version" ASC[0m
  ↳ bin/rake:9
  [1m[35m (1.1ms)[0m  [1m[34mSELECT "ar_internal_metadata"."value" FROM "ar_internal_metadata" WHERE "ar_internal_metadata"."key" = ?[0m  [["key", "environment"]]
  ↳ bin/rake:9
  [1m[35m (1.2ms)[0m  [1m[34mSELECT "schema_migrations"."version" FROM "schema_migrations" ORDER BY "schema_migrations"."version" ASC[0m
  ↳ bin/rake:9
  [1m[35m (1.0ms)[0m  [1m[34mSELECT "ar_internal_metadata"."value" FROM "ar_internal_metadata" WHERE "ar_internal_metadata"."key" = ?[0m  [["key", "environment"]]
  ↳ bin/rake:9
  [1m[35m (2.6ms)[0m  [1m[35mDROP TABLE IF EXISTS "active_admin_comments"[0m
  ↳ db/schema.rb:15
  [1m[35m (0.2ms)[0m  [1m[34mSELECT sqlite_version(*)[0m
  ↳ db/schema.rb:15
  [1m[35m (10.0ms)[0m  [1m[35mCREATE TABLE "active_admin_comments" ("id" integer PRIMARY KEY AUTOINCREMENT NOT NULL, "namespace" varchar, "body" text, "resource_type" varchar, "resource_id" integer, "author_type" varchar, "author_id" integer, "created_at" datetime NOT NULL, "updated_at" datetime NOT NULL)[0m
  ↳ db/schema.rb:15
  [1m[35m (11.0ms)[0m  [1m[35mCREATE  INDEX "index_active_admin_comments_on_author_type_and_author_id" ON "active_admin_comments" ("author_type", "author_id")[0m
  ↳ db/schema.rb:15
  [1m[35m (9.2ms)[0m  [1m[35mCREATE  INDEX "index_active_admin_comments_on_namespace" ON "active_admin_comments" ("namespace")[0m
  ↳ db/schema.rb:15
  [1m[35m (4.5ms)[0m  [1m[35mCREATE  INDEX "index_active_admin_comments_on_resource_type_and_resource_id" ON "active_admin_comments" ("resource_type", "resource_id")[0m
  ↳ db/schema.rb:15
  [1m[35m (2.2ms)[0m  [1m[35mDROP TABLE IF EXISTS "admin_users"[0m
  ↳ db/schema.rb:29
  [1m[35m (9.7ms)[0m  [1m[35mCREATE TABLE "admin_users" ("id" integer PRIMARY KEY AUTOINCREMENT NOT NULL, "email" varchar DEFAULT '' NOT NULL, "encrypted_password" varchar DEFAULT '' NOT NULL, "reset_password_token" varchar, "reset_password_sent_at" datetime, "remember_created_at" datetime, "created_at" datetime NOT NULL, "updated_at" datetime NOT NULL)[0m
  ↳ db/schema.rb:29
  [1m[35m (9.4ms)[0m  [1m[35mCREATE UNIQUE INDEX "index_admin_users_on_email" ON "admin_users" ("email")[0m
  ↳ db/schema.rb:29
  [1m[35m (7.7ms)[0m  [1m[35mCREATE UNIQUE INDEX "index_admin_users_on_reset_password_token" ON "admin_users" ("reset_password_token")[0m
  ↳ db/schema.rb:29
  [1m[35m (2.9ms)[0m  [1m[35mDROP TABLE IF EXISTS "drinks"[0m
  ↳ db/schema.rb:41
  [1m[35m (7.1ms)[0m  [1m[35mCREATE TABLE "drinks" ("id" integer PRIMARY KEY AUTOINCREMENT NOT NULL, "title" varchar, "description" varchar, "steps" varchar, "source" varchar, "created_at" datetime NOT NULL, "updated_at" datetime NOT NULL)[0m
  ↳ db/schema.rb:41
  [1m[35m (3.3ms)[0m  [1m[35mDROP TABLE IF EXISTS "ingredients"[0m
  ↳ db/schema.rb:50
  [1m[35m (7.5ms)[0m  [1m[35mCREATE TABLE "ingredients" ("id" integer PRIMARY KEY AUTOINCREMENT NOT NULL, "drink_id" integer, "description" varchar, "created_at" datetime NOT NULL, "updated_at" datetime NOT NULL)[0m
  ↳ db/schema.rb:50
  [1m[35m (6.8ms)[0m  [1m[35mCREATE  INDEX "index_ingredients_on_drink_id" ON "ingredients" ("drink_id")[0m
  ↳ db/schema.rb:50
  [1m[35m (14.2ms)[0m  [1m[35mCREATE TABLE "schema_migrations" ("version" varchar NOT NULL PRIMARY KEY)[0m
  ↳ db/schema.rb:13
  [1m[35m (4.5ms)[0m  [1m[34mSELECT "schema_migrations"."version" FROM "schema_migrations" ORDER BY "schema_migrations"."version" ASC[0m
  ↳ db/schema.rb:13
  [1m[35m (6.9ms)[0m  [1m[32mINSERT INTO "schema_migrations" (version) VALUES (20190328215615)[0m
  ↳ db/schema.rb:13
  [1m[35m (15.1ms)[0m  [1m[32mINSERT INTO "schema_migrations" (version) VALUES
(20190328211040),
(20190328211102),
(20190328215145);

[0m
  ↳ db/schema.rb:13
  [1m[35m (8.7ms)[0m  [1m[35mCREATE TABLE "ar_internal_metadata" ("key" varchar NOT NULL PRIMARY KEY, "value" varchar, "created_at" datetime NOT NULL, "updated_at" datetime NOT NULL)[0m
  ↳ db/schema.rb:13
  [1m[36mActiveRecord::InternalMetadata Load (2.1ms)[0m  [1m[34mSELECT  "ar_internal_metadata".* FROM "ar_internal_metadata" WHERE "ar_internal_metadata"."key" = ? LIMIT ?[0m  [["key", "environment"], ["LIMIT", 1]]
  ↳ db/schema.rb:13
  [1m[35m (0.1ms)[0m  [1m[36mbegin transaction[0m
  ↳ db/schema.rb:13
  [1m[36mActiveRecord::InternalMetadata Create (4.7ms)[0m  [1m[32mINSERT INTO "ar_internal_metadata" ("key", "value", "created_at", "updated_at") VALUES (?, ?, ?, ?)[0m  [["key", "environment"], ["value", "development"], ["created_at", "2019-03-28 22:02:38.093343"], ["updated_at", "2019-03-28 22:02:38.093343"]]
  ↳ db/schema.rb:13
  [1m[35m (2.1ms)[0m  [1m[36mcommit transaction[0m
  ↳ db/schema.rb:13
  [1m[36mActiveRecord::InternalMetadata Load (0.9ms)[0m  [1m[34mSELECT  "ar_internal_metadata".* FROM "ar_internal_metadata" WHERE "ar_internal_metadata"."key" = ? LIMIT ?[0m  [["key", "environment"], ["LIMIT", 1]]
  ↳ bin/rake:9
  [1m[35m (0.1ms)[0m  [1m[36mbegin transaction[0m
  ↳ bin/rake:9
  [1m[35m (0.1ms)[0m  [1m[36mcommit transaction[0m
  ↳ bin/rake:9
  [1m[35m (2.6ms)[0m  [1m[35mDROP TABLE IF EXISTS "active_admin_comments"[0m
  ↳ db/schema.rb:15
  [1m[35m (0.1ms)[0m  [1m[34mSELECT sqlite_version(*)[0m
  ↳ db/schema.rb:15
  [1m[35m (5.5ms)[0m  [1m[35mCREATE TABLE "active_admin_comments" ("id" integer PRIMARY KEY AUTOINCREMENT NOT NULL, "namespace" varchar, "body" text, "resource_type" varchar, "resource_id" integer, "author_type" varchar, "author_id" integer, "created_at" datetime NOT NULL, "updated_at" datetime NOT NULL)[0m
  ↳ db/schema.rb:15
  [1m[35m (10.8ms)[0m  [1m[35mCREATE  INDEX "index_active_admin_comments_on_author_type_and_author_id" ON "active_admin_comments" ("author_type", "author_id")[0m
  ↳ db/schema.rb:15
  [1m[35m (4.0ms)[0m  [1m[35mCREATE  INDEX "index_active_admin_comments_on_namespace" ON "active_admin_comments" ("namespace")[0m
  ↳ db/schema.rb:15
  [1m[35m (7.7ms)[0m  [1m[35mCREATE  INDEX "index_active_admin_comments_on_resource_type_and_resource_id" ON "active_admin_comments" ("resource_type", "resource_id")[0m
  ↳ db/schema.rb:15
  [1m[35m (3.1ms)[0m  [1m[35mDROP TABLE IF EXISTS "admin_users"[0m
  ↳ db/schema.rb:29
  [1m[35m (7.8ms)[0m  [1m[35mCREATE TABLE "admin_users" ("id" integer PRIMARY KEY AUTOINCREMENT NOT NULL, "email" varchar DEFAULT '' NOT NULL, "encrypted_password" varchar DEFAULT '' NOT NULL, "reset_password_token" varchar, "reset_password_sent_at" datetime, "remember_created_at" datetime, "created_at" datetime NOT NULL, "updated_at" datetime NOT NULL)[0m
  ↳ db/schema.rb:29
  [1m[35m (10.4ms)[0m  [1m[35mCREATE UNIQUE INDEX "index_admin_users_on_email" ON "admin_users" ("email")[0m
  ↳ db/schema.rb:29
  [1m[35m (6.4ms)[0m  [1m[35mCREATE UNIQUE INDEX "index_admin_users_on_reset_password_token" ON "admin_users" ("reset_password_token")[0m
  ↳ db/schema.rb:29
  [1m[35m (3.7ms)[0m  [1m[35mDROP TABLE IF EXISTS "drinks"[0m
  ↳ db/schema.rb:41
  [1m[35m (7.0ms)[0m  [1m[35mCREATE TABLE "drinks" ("id" integer PRIMARY KEY AUTOINCREMENT NOT NULL, "title" varchar, "description" varchar, "steps" varchar, "source" varchar, "created_at" datetime NOT NULL, "updated_at" datetime NOT NULL)[0m
  ↳ db/schema.rb:41
  [1m[35m (3.0ms)[0m  [1m[35mDROP TABLE IF EXISTS "ingredients"[0m
  ↳ db/schema.rb:50
  [1m[35m (12.8ms)[0m  [1m[35mCREATE TABLE "ingredients" ("id" integer PRIMARY KEY AUTOINCREMENT NOT NULL, "drink_id" integer, "description" varchar, "created_at" datetime NOT NULL, "updated_at" datetime NOT NULL)[0m
  ↳ db/schema.rb:50
  [1m[35m (8.3ms)[0m  [1m[35mCREATE  INDEX "index_ingredients_on_drink_id" ON "ingredients" ("drink_id")[0m
  ↳ db/schema.rb:50
  [1m[35m (15.7ms)[0m  [1m[35mCREATE TABLE "schema_migrations" ("version" varchar NOT NULL PRIMARY KEY)[0m
  ↳ db/schema.rb:13
  [1m[35m (1.1ms)[0m  [1m[34mSELECT "schema_migrations"."version" FROM "schema_migrations" ORDER BY "schema_migrations"."version" ASC[0m
  ↳ db/schema.rb:13
  [1m[35m (8.3ms)[0m  [1m[32mINSERT INTO "schema_migrations" (version) VALUES (20190328215615)[0m
  ↳ db/schema.rb:13
  [1m[35m (14.2ms)[0m  [1m[32mINSERT INTO "schema_migrations" (version) VALUES
(20190328211040),
(20190328211102),
(20190328215145);

[0m
  ↳ db/schema.rb:13
  [1m[35m (7.5ms)[0m  [1m[35mCREATE TABLE "ar_internal_metadata" ("key" varchar NOT NULL PRIMARY KEY, "value" varchar, "created_at" datetime NOT NULL, "updated_at" datetime NOT NULL)[0m
  ↳ db/schema.rb:13
  [1m[36mActiveRecord::InternalMetadata Load (2.3ms)[0m  [1m[34mSELECT  "ar_internal_metadata".* FROM "ar_internal_metadata" WHERE "ar_internal_metadata"."key" = ? LIMIT ?[0m  [["key", "environment"], ["LIMIT", 1]]
  ↳ db/schema.rb:13
  [1m[35m (0.1ms)[0m  [1m[36mbegin transaction[0m
  ↳ db/schema.rb:13
  [1m[36mActiveRecord::InternalMetadata Create (6.8ms)[0m  [1m[32mINSERT INTO "ar_internal_metadata" ("key", "value", "created_at", "updated_at") VALUES (?, ?, ?, ?)[0m  [["key", "environment"], ["value", "development"], ["created_at", "2019-03-28 22:02:38.330764"], ["updated_at", "2019-03-28 22:02:38.330764"]]
  ↳ db/schema.rb:13
  [1m[35m (3.4ms)[0m  [1m[36mcommit transaction[0m
  ↳ db/schema.rb:13
  [1m[36mActiveRecord::InternalMetadata Load (0.9ms)[0m  [1m[34mSELECT  "ar_internal_metadata".* FROM "ar_internal_metadata" WHERE "ar_internal_metadata"."key" = ? LIMIT ?[0m  [["key", "environment"], ["LIMIT", 1]]
  ↳ bin/rake:9
  [1m[35m (0.2ms)[0m  [1m[36mbegin transaction[0m
  ↳ bin/rake:9
  [1m[36mActiveRecord::InternalMetadata Update (2.4ms)[0m  [1m[33mUPDATE "ar_internal_metadata" SET "value" = ?, "updated_at" = ? WHERE "ar_internal_metadata"."key" = ?[0m  [["value", "test"], ["updated_at", "2019-03-28 22:02:38.347561"], ["key", "environment"]]
  ↳ bin/rake:9
  [1m[35m (2.4ms)[0m  [1m[36mcommit transaction[0m
  ↳ bin/rake:9
  [1m[35m (1.1ms)[0m  [1m[34mSELECT "schema_migrations"."version" FROM "schema_migrations" ORDER BY "schema_migrations"."version" ASC[0m
  ↳ bin/rake:9
  [1m[35m (0.1ms)[0m  [1m[36mbegin transaction[0m
  ↳ db/seeds.rb:8
  [1m[36mAdminUser Exists (2.3ms)[0m  [1m[34mSELECT  1 AS one FROM "admin_users" WHERE "admin_users"."email" = ? LIMIT ?[0m  [["email", "admin2@example.com"], ["LIMIT", 1]]
  ↳ db/seeds.rb:8
  [1m[36mAdminUser Exists (0.2ms)[0m  [1m[34mSELECT  1 AS one FROM "admin_users" WHERE "admin_users"."email" = ? LIMIT ?[0m  [["email", "admin2@example.com"], ["LIMIT", 1]]
  ↳ db/seeds.rb:8
  [1m[36mAdminUser Exists (0.2ms)[0m  [1m[34mSELECT  1 AS one FROM "admin_users" WHERE "admin_users"."email" = ? LIMIT ?[0m  [["email", "admin2@example.com"], ["LIMIT", 1]]
  ↳ db/seeds.rb:8
  [1m[36mAdminUser Exists (0.3ms)[0m  [1m[34mSELECT  1 AS one FROM "admin_users" WHERE "admin_users"."email" = ? LIMIT ?[0m  [["email", "admin2@example.com"], ["LIMIT", 1]]
  ↳ db/seeds.rb:8
  [1m[36mAdminUser Create (6.2ms)[0m  [1m[32mINSERT INTO "admin_users" ("email", "encrypted_password", "created_at", "updated_at") VALUES (?, ?, ?, ?)[0m  [["email", "admin2@example.com"], ["encrypted_password", "$2a$11$z1oOec4m1YjuR/.8TKJDXeYhTovpF4.7owgN2KDa8m8CB/illP9qG"], ["created_at", "2019-03-28 22:02:38.586511"], ["updated_at", "2019-03-28 22:02:38.586511"]]
  ↳ db/seeds.rb:8
  [1m[35m (3.3ms)[0m  [1m[36mcommit transaction[0m
  ↳ db/seeds.rb:8
  [1m[35m (0.2ms)[0m  [1m[36mbegin transaction[0m
  ↳ db/seeds.rb:10
  [1m[36mDrink Create (5.2ms)[0m  [1m[32mINSERT INTO "drinks" ("title", "description", "steps", "source", "created_at", "updated_at") VALUES (?, ?, ?, ?, ?, ?)[0m  [["title", "Two-Minute Breakfast Boost"], ["description", "Whizz up a low-fat breakfast smoothie in no time. Use banana with other soft fruit, plus honey for a little sweetness and oats for slow-release fuel."], ["steps", "Put all the ingredients in a blender and whizz for 1 min until smooth. Pour the mixture into two glasses to serve."], ["source", "https://www.bbcgoodfood.com/recipes/two-minute-breakfast-smoothie"], ["created_at", "2019-03-28 22:02:38.625862"], ["updated_at", "2019-03-28 22:02:38.625862"]]
  ↳ db/seeds.rb:10
  [1m[35m (5.1ms)[0m  [1m[36mcommit transaction[0m
  ↳ db/seeds.rb:10
  [1m[35m (0.1ms)[0m  [1m[36mbegin transaction[0m
  ↳ db/seeds.rb:16
  [1m[36mIngredient Create (6.6ms)[0m  [1m[32mINSERT INTO "ingredients" ("drink_id", "description", "created_at", "updated_at") VALUES (?, ?, ?, ?)[0m  [["drink_id", 1], ["description", "1 banana"], ["created_at", "2019-03-28 22:02:38.803676"], ["updated_at", "2019-03-28 22:02:38.803676"]]
  ↳ db/seeds.rb:16
  [1m[35m (4.4ms)[0m  [1m[36mcommit transaction[0m
  ↳ db/seeds.rb:16
  [1m[35m (0.1ms)[0m  [1m[36mbegin transaction[0m
  ↳ db/seeds.rb:17
  [1m[36mIngredient Create (5.3ms)[0m  [1m[32mINSERT INTO "ingredients" ("drink_id", "description", "created_at", "updated_at") VALUES (?, ?, ?, ?)[0m  [["drink_id", 1], ["description", "1 tbsp porridge oats"], ["created_at", "2019-03-28 22:02:38.820217"], ["updated_at", "2019-03-28 22:02:38.820217"]]
  ↳ db/seeds.rb:17
  [1m[35m (3.9ms)[0m  [1m[36mcommit transaction[0m
  ↳ db/seeds.rb:17
  [1m[35m (0.1ms)[0m  [1m[36mbegin transaction[0m
  ↳ db/seeds.rb:18
  [1m[36mIngredient Create (5.8ms)[0m  [1m[32mINSERT INTO "ingredients" ("drink_id", "description", "created_at", "updated_at") VALUES (?, ?, ?, ?)[0m  [["drink_id", 1], ["description", "80g soft fruit (like mango or strawberries)"], ["created_at", "2019-03-28 22:02:38.833427"], ["updated_at", "2019-03-28 22:02:38.833427"]]
  ↳ db/seeds.rb:18
  [1m[35m (2.1ms)[0m  [1m[36mcommit transaction[0m
  ↳ db/seeds.rb:18
  [1m[35m (0.1ms)[0m  [1m[36mbegin transaction[0m
  ↳ db/seeds.rb:19
  [1m[36mIngredient Create (4.5ms)[0m  [1m[32mINSERT INTO "ingredients" ("drink_id", "description", "created_at", "updated_at") VALUES (?, ?, ?, ?)[0m  [["drink_id", 1], ["description", "150ml milk"], ["created_at", "2019-03-28 22:02:38.844767"], ["updated_at", "2019-03-28 22:02:38.844767"]]
  ↳ db/seeds.rb:19
  [1m[35m (2.1ms)[0m  [1m[36mcommit transaction[0m
  ↳ db/seeds.rb:19
  [1m[35m (0.1ms)[0m  [1m[36mbegin transaction[0m
  ↳ db/seeds.rb:20
  [1m[36mIngredient Create (4.3ms)[0m  [1m[32mINSERT INTO "ingredients" ("drink_id", "description", "created_at", "updated_at") VALUES (?, ?, ?, ?)[0m  [["drink_id", 1], ["description", "1 tsp honey"], ["created_at", "2019-03-28 22:02:38.855016"], ["updated_at", "2019-03-28 22:02:38.855016"]]
  ↳ db/seeds.rb:20
  [1m[35m (2.6ms)[0m  [1m[36mcommit transaction[0m
  ↳ db/seeds.rb:20
  [1m[35m (0.1ms)[0m  [1m[36mbegin transaction[0m
  ↳ db/seeds.rb:21
  [1m[36mIngredient Create (5.2ms)[0m  [1m[32mINSERT INTO "ingredients" ("drink_id", "description", "created_at", "updated_at") VALUES (?, ?, ?, ?)[0m  [["drink_id", 1], ["description", "1 tsp vanilla extract"], ["created_at", "2019-03-28 22:02:38.865395"], ["updated_at", "2019-03-28 22:02:38.865395"]]
  ↳ db/seeds.rb:21
  [1m[35m (3.0ms)[0m  [1m[36mcommit transaction[0m
  ↳ db/seeds.rb:21
  [1m[35m (0.1ms)[0m  [1m[36mbegin transaction[0m
  ↳ db/seeds.rb:23
  [1m[36mDrink Create (4.1ms)[0m  [1m[32mINSERT INTO "drinks" ("title", "description", "steps", "source", "created_at", "updated_at") VALUES (?, ?, ?, ?, ?, ?)[0m  [["title", "Kale And Hearty Smoothie"], ["description", "Give yourself a dose of vitamin C in the morning with this vegan green smoothie. Along with kale and avocado, there's a hit of zesty lime and pineapple."], ["steps", "Put all of the ingredients into a bullet or smoothie maker, add a large splash of water and blitz. Add more water until you have the desired consistency."], ["source", "https://www.bbcgoodfood.com/recipes/kale-smoothie"], ["created_at", "2019-03-28 22:02:38.876975"], ["updated_at", "2019-03-28 22:02:38.876975"]]
  ↳ db/seeds.rb:23
  [1m[35m (2.2ms)[0m  [1m[36mcommit transaction[0m
  ↳ db/seeds.rb:23
  [1m[35m (0.1ms)[0m  [1m[36mbegin transaction[0m
  ↳ db/seeds.rb:29
  [1m[36mIngredient Create (4.2ms)[0m  [1m[32mINSERT INTO "ingredients" ("drink_id", "description", "created_at", "updated_at") VALUES (?, ?, ?, ?)[0m  [["drink_id", 2], ["description", "2 handfuls kale"], ["created_at", "2019-03-28 22:02:38.887906"], ["updated_at", "2019-03-28 22:02:38.887906"]]
  ↳ db/seeds.rb:29
  [1m[35m (3.4ms)[0m  [1m[36mcommit transaction[0m
  ↳ db/seeds.rb:29
  [1m[35m (0.1ms)[0m  [1m[36mbegin transaction[0m
  ↳ db/seeds.rb:30
  [1m[36mIngredient Create (3.7ms)[0m  [1m[32mINSERT INTO "ingredients" ("drink_id", "description", "created_at", "updated_at") VALUES (?, ?, ?, ?)[0m  [["drink_id", 2], ["description", "½ avocado"], ["created_at", "2019-03-28 22:02:38.900183"], ["updated_at", "2019-03-28 22:02:38.900183"]]
  ↳ db/seeds.rb:30
  [1m[35m (2.2ms)[0m  [1m[36mcommit transaction[0m
  ↳ db/seeds.rb:30
  [1m[35m (0.1ms)[0m  [1m[36mbegin transaction[0m
  ↳ db/seeds.rb:31
  [1m[36mIngredient Create (4.8ms)[0m  [1m[32mINSERT INTO "ingredients" ("drink_id", "description", "created_at", "updated_at") VALUES (?, ?, ?, ?)[0m  [["drink_id", 2], ["description", "½ lime, juice only"], ["created_at", "2019-03-28 22:02:38.909146"], ["updated_at", "2019-03-28 22:02:38.909146"]]
  ↳ db/seeds.rb:31
  [1m[35m (3.2ms)[0m  [1m[36mcommit transaction[0m
  ↳ db/seeds.rb:31
  [1m[35m (0.1ms)[0m  [1m[36mbegin transaction[0m
  ↳ db/seeds.rb:32
  [1m[36mIngredient Create (4.7ms)[0m  [1m[32mINSERT INTO "ingredients" ("drink_id", "description", "created_at", "updated_at") VALUES (?, ?, ?, ?)[0m  [["drink_id", 2], ["description", "large handful frozen pineapple chunks"], ["created_at", "2019-03-28 22:02:38.922032"], ["updated_at", "2019-03-28 22:02:38.922032"]]
  ↳ db/seeds.rb:32
  [1m[35m (3.1ms)[0m  [1m[36mcommit transaction[0m
  ↳ db/seeds.rb:32
  [1m[35m (0.1ms)[0m  [1m[36mbegin transaction[0m
  ↳ db/seeds.rb:33
  [1m[36mIngredient Create (4.6ms)[0m  [1m[32mINSERT INTO "ingredients" ("drink_id", "description", "created_at", "updated_at") VALUES (?, ?, ?, ?)[0m  [["drink_id", 2], ["description", "medium-sized chunk ginger"], ["created_at", "2019-03-28 22:02:38.934315"], ["updated_at", "2019-03-28 22:02:38.934315"]]
  ↳ db/seeds.rb:33
  [1m[35m (2.2ms)[0m  [1m[36mcommit transaction[0m
  ↳ db/seeds.rb:33
  [1m[35m (0.1ms)[0m  [1m[36mbegin transaction[0m
  ↳ db/seeds.rb:34
  [1m[36mIngredient Create (4.0ms)[0m  [1m[32mINSERT INTO "ingredients" ("drink_id", "description", "created_at", "updated_at") VALUES (?, ?, ?, ?)[0m  [["drink_id", 2], ["description", "1 tbsp cashew nuts"], ["created_at", "2019-03-28 22:02:38.945298"], ["updated_at", "2019-03-28 22:02:38.945298"]]
  ↳ db/seeds.rb:34
  [1m[35m (5.8ms)[0m  [1m[36mcommit transaction[0m
  ↳ db/seeds.rb:34
  [1m[35m (0.1ms)[0m  [1m[36mbegin transaction[0m
  ↳ db/seeds.rb:35
  [1m[36mIngredient Create (5.9ms)[0m  [1m[32mINSERT INTO "ingredients" ("drink_id", "description", "created_at", "updated_at") VALUES (?, ?, ?, ?)[0m  [["drink_id", 2], ["description", "1 banana, optional"], ["created_at", "2019-03-28 22:02:38.963792"], ["updated_at", "2019-03-28 22:02:38.963792"]]
  ↳ db/seeds.rb:35
  [1m[35m (17.3ms)[0m  [1m[36mcommit transaction[0m
  ↳ db/seeds.rb:35
Started GET "/api/drinks" for 10.0.2.2 at 2019-03-28 22:03:10 +0000
  [1m[35m (1.3ms)[0m  [1m[34mSELECT "schema_migrations"."version" FROM "schema_migrations" ORDER BY "schema_migrations"."version" ASC[0m
  ↳ /home/vagrant/.rvm/gems/ruby-2.3.5/gems/activerecord-5.2.3/lib/active_record/log_subscriber.rb:98
Processing by DrinksController#index as HTML
  [1m[36mDrink Load (8.4ms)[0m  [1m[34mSELECT "drinks".* FROM "drinks"[0m
  ↳ app/controllers/drinks_controller.rb:8
Completed 200 OK in 58ms (Views: 31.7ms | ActiveRecord: 24.9ms)


Started GET "/" for 10.0.2.2 at 2019-03-28 22:14:52 +0000
  [1m[35m (1.5ms)[0m  [1m[34mSELECT "schema_migrations"."version" FROM "schema_migrations" ORDER BY "schema_migrations"."version" ASC[0m
  ↳ /home/vagrant/.rvm/gems/ruby-2.3.5/gems/activerecord-5.2.3/lib/active_record/log_subscriber.rb:98
Processing by Rails::WelcomeController#index as HTML
  Rendering /home/vagrant/.rvm/gems/ruby-2.3.5/gems/railties-5.2.3/lib/rails/templates/rails/welcome/index.html.erb
  Rendered /home/vagrant/.rvm/gems/ruby-2.3.5/gems/railties-5.2.3/lib/rails/templates/rails/welcome/index.html.erb (9.0ms)
Completed 200 OK in 24ms (Views: 22.1ms | ActiveRecord: 0.0ms)


Started GET "/api/drinks" for 10.0.2.2 at 2019-03-28 22:14:56 +0000
Processing by DrinksController#index as HTML
  [1m[36mDrink Load (3.0ms)[0m  [1m[34mSELECT  id, title FROM "drinks" LIMIT ?[0m  [["LIMIT", 11]]
  ↳ /home/vagrant/.rvm/gems/ruby-2.3.5@global/gems/did_you_mean-1.0.0/lib/did_you_mean/core_ext/name_error.rb:10
Completed 500 Internal Server Error in 43ms (ActiveRecord: 5.5ms)


  
  [1m[36mCACHE Drink Load (0.0ms)[0m  [1m[34mSELECT  id, title FROM "drinks" LIMIT ?[0m  [["LIMIT", 11]]
  ↳ /home/vagrant/.rvm/gems/ruby-2.3.5@global/gems/did_you_mean-1.0.0/lib/did_you_mean/core_ext/name_error.rb:10
NoMethodError (undefined method `allow' for #<Drink::ActiveRecord_Relation:0x0000000005c4ace8>
Did you mean?  all?):
  
app/controllers/drinks_controller.rb:6:in `index'
Started GET "/api/drinks" for 10.0.2.2 at 2019-03-28 22:15:10 +0000
Processing by DrinksController#index as HTML
  [1m[36mDrink Load (1.8ms)[0m  [1m[34mSELECT  id, title FROM "drinks" LIMIT ?[0m  [["LIMIT", 11]]
  ↳ /home/vagrant/.rvm/gems/ruby-2.3.5@global/gems/did_you_mean-1.0.0/lib/did_you_mean/core_ext/name_error.rb:10
Completed 500 Internal Server Error in 13ms (ActiveRecord: 0.0ms)


  
  [1m[36mCACHE Drink Load (0.0ms)[0m  [1m[34mSELECT  id, title FROM "drinks" LIMIT ?[0m  [["LIMIT", 11]]
  ↳ /home/vagrant/.rvm/gems/ruby-2.3.5@global/gems/did_you_mean-1.0.0/lib/did_you_mean/core_ext/name_error.rb:10
NoMethodError (undefined method `allow' for #<Drink::ActiveRecord_Relation:0x00000000056646d0>
Did you mean?  all?):
  
app/controllers/drinks_controller.rb:6:in `index'
Started GET "/" for 10.0.2.2 at 2019-03-28 22:15:47 +0000
Processing by Rails::WelcomeController#index as HTML
  Rendering /home/vagrant/.rvm/gems/ruby-2.3.5/gems/railties-5.2.3/lib/rails/templates/rails/welcome/index.html.erb
  Rendered /home/vagrant/.rvm/gems/ruby-2.3.5/gems/railties-5.2.3/lib/rails/templates/rails/welcome/index.html.erb (26.9ms)
Completed 200 OK in 32ms (Views: 30.2ms | ActiveRecord: 0.0ms)


Started GET "/" for 10.0.2.2 at 2019-03-28 22:15:49 +0000
Processing by Rails::WelcomeController#index as HTML
  Rendering /home/vagrant/.rvm/gems/ruby-2.3.5/gems/railties-5.2.3/lib/rails/templates/rails/welcome/index.html.erb
  Rendered /home/vagrant/.rvm/gems/ruby-2.3.5/gems/railties-5.2.3/lib/rails/templates/rails/welcome/index.html.erb (4.4ms)
Completed 200 OK in 8ms (Views: 6.8ms | ActiveRecord: 0.0ms)


Started GET "/" for 10.0.2.2 at 2019-03-28 22:16:02 +0000
  [1m[35m (1.3ms)[0m  [1m[34mSELECT "schema_migrations"."version" FROM "schema_migrations" ORDER BY "schema_migrations"."version" ASC[0m
  ↳ /home/vagrant/.rvm/gems/ruby-2.3.5/gems/activerecord-5.2.3/lib/active_record/log_subscriber.rb:98
Processing by Rails::WelcomeController#index as HTML
  Rendering /home/vagrant/.rvm/gems/ruby-2.3.5/gems/railties-5.2.3/lib/rails/templates/rails/welcome/index.html.erb
  Rendered /home/vagrant/.rvm/gems/ruby-2.3.5/gems/railties-5.2.3/lib/rails/templates/rails/welcome/index.html.erb (6.4ms)
Completed 200 OK in 24ms (Views: 22.2ms | ActiveRecord: 0.0ms)


Started GET "/" for 10.0.2.2 at 2019-03-28 22:22:06 +0000
  [1m[35m (1.4ms)[0m  [1m[34mSELECT "schema_migrations"."version" FROM "schema_migrations" ORDER BY "schema_migrations"."version" ASC[0m
  ↳ /home/vagrant/.rvm/gems/ruby-2.3.5/gems/activerecord-5.2.3/lib/active_record/log_subscriber.rb:98
Processing by Rails::WelcomeController#index as HTML
  Rendering /home/vagrant/.rvm/gems/ruby-2.3.5/gems/railties-5.2.3/lib/rails/templates/rails/welcome/index.html.erb
  Rendered /home/vagrant/.rvm/gems/ruby-2.3.5/gems/railties-5.2.3/lib/rails/templates/rails/welcome/index.html.erb (7.6ms)
Completed 200 OK in 27ms (Views: 26.2ms | ActiveRecord: 0.0ms)


Started GET "/" for 10.0.2.2 at 2019-03-28 22:29:52 +0000
  [1m[35m (3.1ms)[0m  [1m[34mSELECT "schema_migrations"."version" FROM "schema_migrations" ORDER BY "schema_migrations"."version" ASC[0m
  ↳ /home/vagrant/.rvm/gems/ruby-2.3.5/gems/activerecord-5.2.3/lib/active_record/log_subscriber.rb:98
Processing by Rails::WelcomeController#index as HTML
  Rendering /home/vagrant/.rvm/gems/ruby-2.3.5/gems/railties-5.2.3/lib/rails/templates/rails/welcome/index.html.erb
  Rendered /home/vagrant/.rvm/gems/ruby-2.3.5/gems/railties-5.2.3/lib/rails/templates/rails/welcome/index.html.erb (8.9ms)
Completed 200 OK in 27ms (Views: 25.9ms | ActiveRecord: 0.0ms)


Started GET "/" for 10.0.2.2 at 2019-03-28 22:36:44 +0000
  [1m[35m (4.3ms)[0m  [1m[34mSELECT "schema_migrations"."version" FROM "schema_migrations" ORDER BY "schema_migrations"."version" ASC[0m
  ↳ /home/vagrant/.rvm/gems/ruby-2.3.5/gems/activerecord-5.2.3/lib/active_record/log_subscriber.rb:98
Processing by Rails::WelcomeController#index as HTML
  Rendering /home/vagrant/.rvm/gems/ruby-2.3.5/gems/railties-5.2.3/lib/rails/templates/rails/welcome/index.html.erb
  Rendered /home/vagrant/.rvm/gems/ruby-2.3.5/gems/railties-5.2.3/lib/rails/templates/rails/welcome/index.html.erb (10.1ms)
Completed 200 OK in 35ms (Views: 33.5ms | ActiveRecord: 0.0ms)


Started GET "/" for 10.0.2.2 at 2019-03-28 22:37:08 +0000
Processing by Rails::WelcomeController#index as HTML
  Rendering /home/vagrant/.rvm/gems/ruby-2.3.5/gems/railties-5.2.3/lib/rails/templates/rails/welcome/index.html.erb
  Rendered /home/vagrant/.rvm/gems/ruby-2.3.5/gems/railties-5.2.3/lib/rails/templates/rails/welcome/index.html.erb (6.5ms)
Completed 200 OK in 12ms (Views: 9.6ms | ActiveRecord: 0.0ms)


Started GET "/" for 10.0.2.2 at 2019-03-28 22:45:21 +0000
Processing by Rails::WelcomeController#index as HTML
  Rendering /home/vagrant/.rvm/gems/ruby-2.3.5/gems/railties-5.2.3/lib/rails/templates/rails/welcome/index.html.erb
  Rendered /home/vagrant/.rvm/gems/ruby-2.3.5/gems/railties-5.2.3/lib/rails/templates/rails/welcome/index.html.erb (3.8ms)
Completed 200 OK in 7ms (Views: 5.9ms | ActiveRecord: 0.0ms)


